2014/08/20 00:42:45 [error] [exception.CHttpException.404] exception 'CHttpException' with message 'The system is unable to find the requested action "hola".' in D:\Xampp\htdocs\codigo-yii-umss\yii\framework\web\CController.php:483
Stack trace:
#0 D:\Xampp\htdocs\codigo-yii-umss\yii\framework\web\CController.php(270): CController->missingAction('hola')
#1 D:\Xampp\htdocs\codigo-yii-umss\yii\framework\web\CWebApplication.php(282): CController->run('hola')
#2 D:\Xampp\htdocs\codigo-yii-umss\yii\framework\web\CWebApplication.php(141): CWebApplication->runController('alumno/hola')
#3 D:\Xampp\htdocs\codigo-yii-umss\yii\framework\base\CApplication.php(180): CWebApplication->processRequest()
#4 D:\Xampp\htdocs\codigo-yii-umss\curso\index.php(13): CApplication->run()
#5 {main}
REQUEST_URI=/codigo-yii-umss/curso/index.php?r=alumno/hola
---
2014/08/20 00:47:06 [error] [exception.CHttpException.403] exception 'CHttpException' with message 'You are not authorized to perform this action.' in D:\Xampp\htdocs\codigo-yii-umss\yii\framework\web\auth\CAccessControlFilter.php:182
Stack trace:
#0 D:\Xampp\htdocs\codigo-yii-umss\yii\framework\web\auth\CAccessControlFilter.php(145): CAccessControlFilter->accessDenied(Object(CWebUser), 'You are not aut...')
#1 D:\Xampp\htdocs\codigo-yii-umss\yii\framework\web\filters\CFilter.php(38): CAccessControlFilter->preFilter(Object(CFilterChain))
#2 D:\Xampp\htdocs\codigo-yii-umss\yii\framework\web\CController.php(1145): CFilter->filter(Object(CFilterChain))
#3 D:\Xampp\htdocs\codigo-yii-umss\yii\framework\web\filters\CInlineFilter.php(58): CController->filterAccessControl(Object(CFilterChain))
#4 D:\Xampp\htdocs\codigo-yii-umss\yii\framework\web\filters\CFilterChain.php(130): CInlineFilter->filter(Object(CFilterChain))
#5 D:\Xampp\htdocs\codigo-yii-umss\yii\framework\web\CController.php(291): CFilterChain->run()
#6 D:\Xampp\htdocs\codigo-yii-umss\yii\framework\web\CController.php(265): CController->runActionWithFilters(Object(CInlineAction), Array)
#7 D:\Xampp\htdocs\codigo-yii-umss\yii\framework\web\CWebApplication.php(282): CController->run('hola')
#8 D:\Xampp\htdocs\codigo-yii-umss\yii\framework\web\CWebApplication.php(141): CWebApplication->runController('alumno/hola')
#9 D:\Xampp\htdocs\codigo-yii-umss\yii\framework\base\CApplication.php(180): CWebApplication->processRequest()
#10 D:\Xampp\htdocs\codigo-yii-umss\curso\index.php(13): CApplication->run()
#11 {main}
REQUEST_URI=/codigo-yii-umss/curso/index.php?r=alumno/hola
---
2014/08/22 00:33:05 [error] [php] Undefined variable: dataProvider (D:\Xampp\htdocs\codigo-yii-umss\curso\protected\views\alumno\admin.php:45)
Stack trace:
#0 D:\Xampp\htdocs\codigo-yii-umss\yii\framework\web\CController.php(869): AlumnoController->renderFile()
#1 D:\Xampp\htdocs\codigo-yii-umss\yii\framework\web\CController.php(782): AlumnoController->renderPartial()
#2 D:\Xampp\htdocs\codigo-yii-umss\curso\protected\controllers\AlumnoController.php(143): AlumnoController->render()
#3 D:\Xampp\htdocs\codigo-yii-umss\yii\framework\web\actions\CInlineAction.php(49): AlumnoController->actionAdmin()
#4 D:\Xampp\htdocs\codigo-yii-umss\yii\framework\web\CController.php(308): CInlineAction->runWithParams()
#5 D:\Xampp\htdocs\codigo-yii-umss\yii\framework\web\filters\CFilterChain.php(133): AlumnoController->runAction()
#6 D:\Xampp\htdocs\codigo-yii-umss\yii\framework\web\filters\CFilter.php(40): CFilterChain->run()
#7 D:\Xampp\htdocs\codigo-yii-umss\yii\framework\web\CController.php(1145): CAccessControlFilter->filter()
#8 D:\Xampp\htdocs\codigo-yii-umss\yii\framework\web\filters\CInlineFilter.php(58): AlumnoController->filterAccessControl()
#9 D:\Xampp\htdocs\codigo-yii-umss\yii\framework\web\filters\CFilterChain.php(130): CInlineFilter->filter()
#10 D:\Xampp\htdocs\codigo-yii-umss\yii\framework\web\CController.php(291): CFilterChain->run()
#11 D:\Xampp\htdocs\codigo-yii-umss\yii\framework\web\CController.php(265): AlumnoController->runActionWithFilters()
#12 D:\Xampp\htdocs\codigo-yii-umss\yii\framework\web\CWebApplication.php(282): AlumnoController->run()
#13 D:\Xampp\htdocs\codigo-yii-umss\yii\framework\web\CWebApplication.php(141): CWebApplication->runController()
#14 D:\Xampp\htdocs\codigo-yii-umss\yii\framework\base\CApplication.php(180): CWebApplication->processRequest()
#15 D:\Xampp\htdocs\codigo-yii-umss\curso\index.php(13): CWebApplication->run()
REQUEST_URI=/codigo-yii-umss/curso/index.php?r=alumno/admin
in D:\Xampp\htdocs\codigo-yii-umss\curso\protected\views\alumno\admin.php (45)
in D:\Xampp\htdocs\codigo-yii-umss\curso\protected\controllers\AlumnoController.php (143)
in D:\Xampp\htdocs\codigo-yii-umss\curso\index.php (13)
